<?xml version="1.0" encoding="UTF-8"?>
<!-- Generated by org.testng.reporters.JUnitReportReporter -->
<testsuite hostname="DESKTOP-76S6KTJ" failures="0" tests="5" name="TestNG.Brfore_AfterMethod" time="0.058" errors="0" timestamp="2024-08-15T21:42:17 IST" skipped="2">
  <testcase classname="TestNG.Brfore_AfterMethod" name="UserLogin" time="0.019"/>
  <testcase classname="TestNG.Brfore_AfterMethod" name="AddBeneficiary" time="0.008"/>
  <testcase classname="TestNG.Brfore_AfterMethod" name="ValidatingBeneficiary" time="0.031"/>
  <testcase classname="TestNG.Brfore_AfterMethod" name="UserMoneyControl">
    <skipped/>
  </testcase> <!-- UserMoneyControl -->
  <testcase classname="TestNG.Brfore_AfterMethod" name="HomePage">
    <skipped/>
  </testcase> <!-- HomePage -->
</testsuite> <!-- TestNG.Brfore_AfterMethod -->
