<?xml version="1.0" encoding="UTF-8"?>
<!-- Generated by org.testng.reporters.JUnitReportReporter -->
<testsuite hostname="DESKTOP-76S6KTJ" failures="0" tests="3" name="TestNG.Dependencies" time="5.835" errors="0" timestamp="2024-08-29T13:31:16 IST" skipped="0">
  <testcase classname="TestNG.Dependencies" name="LandingPage" time="0.047"/>
  <testcase classname="TestNG.Dependencies" name="Calculator" time="5.196"/>
  <testcase classname="TestNG.Dependencies" name="Home" time="0.592"/>
</testsuite> <!-- TestNG.Dependencies -->
